This is pdfTeX, Version 3.1415926-2.5-1.40.14 (TeX Live 2013/Debian) (format=pdflatex 2016.4.8)  15 APR 2016 18:25
entering extended mode
 restricted \write18 enabled.
 %&-line parsing enabled.
**cs251_Ass5.tex
(./cs251_Ass5.tex
LaTeX2e <2011/06/27>
Babel <3.9h> and hyphenation patterns for 78 languages loaded.
(/usr/share/texlive/texmf-dist/tex/latex/base/article.cls
Document Class: article 2007/10/19 v1.4h Standard LaTeX document class
(/usr/share/texlive/texmf-dist/tex/latex/base/size10.clo
File: size10.clo 2007/10/19 v1.4h Standard LaTeX file (size option)
)
\c@part=\count79
\c@section=\count80
\c@subsection=\count81
\c@subsubsection=\count82
\c@paragraph=\count83
\c@subparagraph=\count84
\c@figure=\count85
\c@table=\count86
\abovecaptionskip=\skip41
\belowcaptionskip=\skip42
\bibindent=\dimen102
)
(/usr/share/texlive/texmf-dist/tex/latex/geometry/geometry.sty
Package: geometry 2010/09/12 v5.6 Page Geometry

(/usr/share/texlive/texmf-dist/tex/latex/graphics/keyval.sty
Package: keyval 1999/03/16 v1.13 key=value parser (DPC)
\KV@toks@=\toks14
)
(/usr/share/texlive/texmf-dist/tex/generic/oberdiek/ifpdf.sty
Package: ifpdf 2011/01/30 v2.3 Provides the ifpdf switch (HO)
Package ifpdf Info: pdfTeX in PDF mode is detected.
)
(/usr/share/texlive/texmf-dist/tex/generic/oberdiek/ifvtex.sty
Package: ifvtex 2010/03/01 v1.5 Detect VTeX and its facilities (HO)
Package ifvtex Info: VTeX not detected.
)
(/usr/share/texlive/texmf-dist/tex/generic/ifxetex/ifxetex.sty
Package: ifxetex 2010/09/12 v0.6 Provides ifxetex conditional
)
\Gm@cnth=\count87
\Gm@cntv=\count88
\c@Gm@tempcnt=\count89
\Gm@bindingoffset=\dimen103
\Gm@wd@mp=\dimen104
\Gm@odd@mp=\dimen105
\Gm@even@mp=\dimen106
\Gm@layoutwidth=\dimen107
\Gm@layoutheight=\dimen108
\Gm@layouthoffset=\dimen109
\Gm@layoutvoffset=\dimen110
\Gm@dimlist=\toks15
)
(/usr/share/texlive/texmf-dist/tex/latex/graphics/color.sty
Package: color 2005/11/14 v1.0j Standard LaTeX Color (DPC)

(/usr/share/texlive/texmf-dist/tex/latex/latexconfig/color.cfg
File: color.cfg 2007/01/18 v1.5 color configuration of teTeX/TeXLive
)
Package color Info: Driver file: pdftex.def on input line 130.

(/usr/share/texlive/texmf-dist/tex/latex/pdftex-def/pdftex.def
File: pdftex.def 2011/05/27 v0.06d Graphics/color for pdfTeX

(/usr/share/texlive/texmf-dist/tex/generic/oberdiek/infwarerr.sty
Package: infwarerr 2010/04/08 v1.3 Providing info/warning/error messages (HO)
)
(/usr/share/texlive/texmf-dist/tex/generic/oberdiek/ltxcmds.sty
Package: ltxcmds 2011/11/09 v1.22 LaTeX kernel commands for general use (HO)
)
\Gread@gobject=\count90
)
(/usr/share/texlive/texmf-dist/tex/latex/graphics/dvipsnam.def
File: dvipsnam.def 1999/02/16 v3.0i Driver-dependant file (DPC,SPQR)
))
(/usr/share/texlive/texmf-dist/tex/latex/tools/tabularx.sty
Package: tabularx 1999/01/07 v2.07 `tabularx' package (DPC)

(/usr/share/texlive/texmf-dist/tex/latex/tools/array.sty
Package: array 2008/09/09 v2.4c Tabular extension package (FMi)
\col@sep=\dimen111
\extrarowheight=\dimen112
\NC@list=\toks16
\extratabsurround=\skip43
\backup@length=\skip44
)
\TX@col@width=\dimen113
\TX@old@table=\dimen114
\TX@old@col=\dimen115
\TX@target=\dimen116
\TX@delta=\dimen117
\TX@cols=\count91
\TX@ftn=\toks17
)
(/usr/share/texlive/texmf-dist/tex/latex/titlesec/titlesec.sty
Package: titlesec 2011/12/15 v2.10.0 Sectioning titles
\ttl@box=\box26
\beforetitleunit=\skip45
\aftertitleunit=\skip46
\ttl@plus=\dimen118
\ttl@minus=\dimen119
\ttl@toksa=\toks18
\titlewidth=\dimen120
\titlewidthlast=\dimen121
\titlewidthfirst=\dimen122
)
(/usr/share/texmf/tex/latex/xcolor/xcolor.sty
Package: xcolor 2007/01/21 v2.11 LaTeX color extensions (UK)

(/usr/share/texlive/texmf-dist/tex/latex/latexconfig/color.cfg
File: color.cfg 2007/01/18 v1.5 color configuration of teTeX/TeXLive
)
Package xcolor Info: Driver file: pdftex.def on input line 225.
LaTeX Info: Redefining \color on input line 702.
Package xcolor Info: Model `cmy' substituted by `cmy0' on input line 1337.
Package xcolor Info: Model `hsb' substituted by `rgb' on input line 1341.
Package xcolor Info: Model `RGB' extended on input line 1353.
Package xcolor Info: Model `HTML' substituted by `rgb' on input line 1355.
Package xcolor Info: Model `Hsb' substituted by `hsb' on input line 1356.
Package xcolor Info: Model `tHsb' substituted by `hsb' on input line 1357.
Package xcolor Info: Model `HSB' substituted by `hsb' on input line 1358.
Package xcolor Info: Model `Gray' substituted by `gray' on input line 1359.
Package xcolor Info: Model `wave' substituted by `hsb' on input line 1360.
)
(/usr/share/texlive/texmf-dist/tex/latex/lipsum/lipsum.sty
Package: lipsum 2011/04/14 v1.2 150 paragraphs of Lorem Ipsum dummy text
\c@lips@count=\count92
)
(/usr/share/texlive/texmf-dist/tex/latex/mdwtools/mdwlist.sty
Package: mdwlist 1996/05/02 1.1 Various list-related things
)
(/usr/share/texlive/texmf-dist/tex/latex/titlesec/ttlkeys.def
File: ttlkeys.def 2011/12/15
)

LaTeX Warning: Unused global option(s):
    [14pt].

(./cs251_Ass5.aux)
\openout1 = `cs251_Ass5.aux'.

LaTeX Font Info:    Checking defaults for OML/cmm/m/it on input line 20.
LaTeX Font Info:    ... okay on input line 20.
LaTeX Font Info:    Checking defaults for T1/cmr/m/n on input line 20.
LaTeX Font Info:    ... okay on input line 20.
LaTeX Font Info:    Checking defaults for OT1/cmr/m/n on input line 20.
LaTeX Font Info:    ... okay on input line 20.
LaTeX Font Info:    Checking defaults for OMS/cmsy/m/n on input line 20.
LaTeX Font Info:    ... okay on input line 20.
LaTeX Font Info:    Checking defaults for OMX/cmex/m/n on input line 20.
LaTeX Font Info:    ... okay on input line 20.
LaTeX Font Info:    Checking defaults for U/cmr/m/n on input line 20.
LaTeX Font Info:    ... okay on input line 20.

*geometry* driver: auto-detecting
*geometry* detected driver: pdftex
*geometry* verbose mode - [ preamble ] result:
* driver: pdftex
* paper: <default>
* layout: <same size as paper>
* layoutoffset:(h,v)=(0.0pt,0.0pt)
* modes: 
* h-part:(L,W,R)=(14.22636pt, 585.84227pt, 14.22636pt)
* v-part:(T,H,B)=(14.22636pt, 766.51726pt, 14.22636pt)
* \paperwidth=614.295pt
* \paperheight=794.96999pt
* \textwidth=585.84227pt
* \textheight=766.51726pt
* \oddsidemargin=-58.04362pt
* \evensidemargin=-58.04362pt
* \topmargin=-95.04362pt
* \headheight=12.0pt
* \headsep=25.0pt
* \topskip=0.0pt
* \footskip=30.0pt
* \marginparwidth=65.0pt
* \marginparsep=11.0pt
* \columnsep=10.0pt
* \skip\footins=9.0pt plus 4.0pt minus 2.0pt
* \hoffset=0.0pt
* \voffset=0.0pt
* \mag=1000
* \@twocolumnfalse
* \@twosidefalse
* \@mparswitchfalse
* \@reversemarginfalse
* (1in=72.27pt=25.4mm, 1cm=28.453pt)

(/usr/share/texlive/texmf-dist/tex/context/base/supp-pdf.mkii
[Loading MPS to PDF converter (version 2006.09.02).]
\scratchcounter=\count93
\scratchdimen=\dimen123
\scratchbox=\box27
\nofMPsegments=\count94
\nofMParguments=\count95
\everyMPshowfont=\toks19
\MPscratchCnt=\count96
\MPscratchDim=\dimen124
\MPnumerator=\count97
\makeMPintoPDFobject=\count98
\everyMPtoPDFconversion=\toks20
)
Underfull \hbox (badness 10000) in paragraph at lines 24--25

 []

LaTeX Font Info:    External font `cmex10' loaded for size
(Font)              <7> on input line 25.
LaTeX Font Info:    External font `cmex10' loaded for size
(Font)              <5> on input line 25.

Overfull \hbox (1.58365pt too wide) in paragraph at lines 27--28
\OT1/cmr/m/n/10 email:smsharma@iitk.ac.in, 
 []


Overfull \hbox (23.80594pt too wide) in paragraph at lines 27--28
\OT1/cmr/m/n/10 sharma.shubham736@gmail.com 
 []

LaTeX Font Info:    External font `cmex10' loaded for size
(Font)              <14.4> on input line 30.

! Package color Error: Argument `150' not in range [0,1].

See the color package documentation for explanation.
Type  H <return>  for immediate help.
 ...                                              
                                                  
l.30 \section*{Educational Qualifications}
                                          
? 

! Package color Error: Argument `150' not in range [0,1].

See the color package documentation for explanation.
Type  H <return>  for immediate help.
 ...                                              
                                                  
l.30 \section*{Educational Qualifications}
                                          
? 

! Package color Error: Argument `150' not in range [0,1].

See the color package documentation for explanation.
Type  H <return>  for immediate help.
 ...                                              
                                                  
l.30 \section*{Educational Qualifications}
                                          
? 

! Package color Error: Argument `150' not in range [0,1].

See the color package documentation for explanation.
Type  H <return>  for immediate help.
 ...                                              
                                                  
l.44 \section*{Achievements}
                            
? 

! Package color Error: Argument `150' not in range [0,1].

See the color package documentation for explanation.
Type  H <return>  for immediate help.
 ...                                              
                                                  
l.44 \section*{Achievements}
                            
? 

! Package color Error: Argument `150' not in range [0,1].

See the color package documentation for explanation.
Type  H <return>  for immediate help.
 ...                                              
                                                  
l.44 \section*{Achievements}
                            
? 
LaTeX Font Info:    Try loading font information for OMS+cmr on input line 46.
(/usr/share/texlive/texmf-dist/tex/latex/base/omscmr.fd
File: omscmr.fd 1999/05/25 v2.5h Standard LaTeX font definitions
)
LaTeX Font Info:    Font shape `OMS/cmr/m/n' in size <10> not available
(Font)              Font shape `OMS/cmsy/m/n' tried instead on input line 46.


! Package color Error: Argument `150' not in range [0,1].

See the color package documentation for explanation.
Type  H <return>  for immediate help.
 ...                                              
                                                  
l.59 \section*{Key Projects}
                            
? 

! Package color Error: Argument `150' not in range [0,1].

See the color package documentation for explanation.
Type  H <return>  for immediate help.
 ...                                              
                                                  
l.59 \section*{Key Projects}
                            
? 

! Package color Error: Argument `150' not in range [0,1].

See the color package documentation for explanation.
Type  H <return>  for immediate help.
 ...                                              
                                                  
l.59 \section*{Key Projects}
                            
? 

! Package color Error: Argument `150' not in range [0,1].

See the color package documentation for explanation.
Type  H <return>  for immediate help.
 ...                                              
                                                  
l.113 \section*{Relevant Courses }
                                  
? H
You're in trouble here.  Try typing  <return>  to proceed.
If that doesn't work, type  X <return>  to quit.
? 

! Package color Error: Argument `150' not in range [0,1].

See the color package documentation for explanation.
Type  H <return>  for immediate help.
 ...                                              
                                                  
l.113 \section*{Relevant Courses }
                                  
? 

! Package color Error: Argument `150' not in range [0,1].

See the color package documentation for explanation.
Type  H <return>  for immediate help.
 ...                                              
                                                  
l.113 \section*{Relevant Courses }
                                  
? 

Overfull \hbox (25.00003pt too wide) in paragraph at lines 113--113
|[][][][][][][]| 
 []


Overfull \hbox (25.00003pt too wide) in paragraph at lines 114--127
[]$[]$ 
 []


! Package color Error: Argument `150' not in range [0,1].

See the color package documentation for explanation.
Type  H <return>  for immediate help.
 ...                                              
                                                  
l.127 \section*{Technical Skills}
                                 
? 

! Package color Error: Argument `150' not in range [0,1].

See the color package documentation for explanation.
Type  H <return>  for immediate help.
 ...                                              
                                                  
l.127 \section*{Technical Skills}
                                 
? 

! Package color Error: Argument `150' not in range [0,1].

See the color package documentation for explanation.
Type  H <return>  for immediate help.
 ...                                              
                                                  
l.127 \section*{Technical Skills}
                                 
? 

Overfull \hbox (25.00003pt too wide) in paragraph at lines 127--127
|[][][][][][][]| 
 []


! Package color Error: Argument `150' not in range [0,1].

See the color package documentation for explanation.
Type  H <return>  for immediate help.
 ...                                              
                                                  
l.136 \section*{Positions of Responsibility}
                                            
? 

! Package color Error: Argument `150' not in range [0,1].

See the color package documentation for explanation.
Type  H <return>  for immediate help.
 ...                                              
                                                  
l.136 \section*{Positions of Responsibility}
                                            
? 

! Package color Error: Argument `150' not in range [0,1].

See the color package documentation for explanation.
Type  H <return>  for immediate help.
 ...                                              
                                                  
l.136 \section*{Positions of Responsibility}
                                            
? 

Overfull \hbox (25.00003pt too wide) in paragraph at lines 136--136
|[][][][][][][]| 
 []


Overfull \hbox (2.35378pt too wide) in paragraph at lines 138--144
[]$[]$ $[]$ 
 []


Overfull \hbox (2.35378pt too wide) in paragraph at lines 150--157
$[]$ $[]$
 []


Overfull \hbox (2.35378pt too wide) in paragraph at lines 161--168
$[]$ $[]$
 []


! Package color Error: Argument `150' not in range [0,1].

See the color package documentation for explanation.
Type  H <return>  for immediate help.
 ...                                              
                                                  
l.173 \section*{Extra Curricular Activities}
                                            
? 

! Package color Error: Argument `150' not in range [0,1].

See the color package documentation for explanation.
Type  H <return>  for immediate help.
 ...                                              
                                                  
l.173 \section*{Extra Curricular Activities}
                                            
? 

! Package color Error: Argument `150' not in range [0,1].

See the color package documentation for explanation.
Type  H <return>  for immediate help.
 ...                                              
                                                  
l.173 \section*{Extra Curricular Activities}
                                            
? 

Overfull \hbox (25.00003pt too wide) in paragraph at lines 173--173
|[][][][][][][]| 
 []


! LaTeX Error: \begin{itemize} on input line 61 ended by \end{document}.

See the LaTeX manual or LaTeX Companion for explanation.
Type  H <return>  for immediate help.
 ...                                              
                                                  
l.185 \end{document}
                    
? 
[1

{/var/lib/texmf/fonts/map/pdftex/updmap/pdftex.map}] (./cs251_Ass5.aux) )
(\end occurred inside a group at level 1)

### semi simple group (level 1) entered at line 61 (\begingroup)
### bottom level 
Here is how much of TeX's memory you used:
 2736 strings out of 493304
 36309 string characters out of 6139872
 205822 words of memory out of 5000000
 6202 multiletter control sequences out of 15000+600000
 6180 words of font info for 22 fonts, out of 8000000 for 9000
 957 hyphenation exceptions out of 8191
 24i,8n,43p,223b,230s stack positions out of 5000i,500n,10000p,200000b,80000s
</usr/share/texlive/texmf-dist/fonts/type1/public/amsfonts/cm/c
mbx10.pfb></usr/share/texlive/texmf-dist/fonts/type1/public/amsfonts/cm/cmbx12.
pfb></usr/share/texlive/texmf-dist/fonts/type1/public/amsfonts/cm/cmbxti10.pfb>
</usr/share/texlive/texmf-dist/fonts/type1/public/amsfonts/cm/cmr10.pfb></usr/s
hare/texlive/texmf-dist/fonts/type1/public/amsfonts/cm/cmsy10.pfb></usr/share/t
exlive/texmf-dist/fonts/type1/public/amsfonts/cm/cmti10.pfb>
Output written on cs251_Ass5.pdf (1 page, 96066 bytes).
PDF statistics:
 32 PDF objects out of 1000 (max. 8388607)
 22 compressed objects within 1 object stream
 0 named destinations out of 1000 (max. 500000)
 1 words of extra memory for PDF output out of 10000 (max. 10000000)

